2026-07-17T14:51:21.610627 CEF:0|AntiGravity|Shield|3.0|FILE_CREATED|FILE_CREATED|5|filePath=/home/amiclone/Downloads/anti_forensics_project/harness_workspace/financial_report_Q4.xlsx reason=New file: financial_report_Q4.xlsx pid=0 process=unknown rt=14:51:21.610
2026-07-17T14:51:21.680168 CEF:0|AntiGravity|Shield|3.0|FILE_MODIFIED|FILE_MODIFIED|1|filePath=/home/amiclone/Downloads/anti_forensics_project/harness_workspace/financial_report_Q4.xlsx reason=Content changed pid=0 process=unknown rt=14:51:21.680
2026-07-17T14:51:21.743250 CEF:0|AntiGravity|Shield|3.0|FILE_CREATED|FILE_CREATED|5|filePath=/home/amiclone/Downloads/anti_forensics_project/harness_workspace/employee_records.csv reason=New file: employee_records.csv pid=0 process=unknown rt=14:51:21.743
2026-07-17T14:51:21.817876 CEF:0|AntiGravity|Shield|3.0|FILE_MODIFIED|FILE_MODIFIED|1|filePath=/home/amiclone/Downloads/anti_forensics_project/harness_workspace/employee_records.csv reason=Content changed pid=0 process=unknown rt=14:51:21.817
2026-07-17T14:51:21.926899 CEF:0|AntiGravity|Shield|3.0|FILE_CREATED|FILE_CREATED|5|filePath=/home/amiclone/Downloads/anti_forensics_project/harness_workspace/server_credentials.txt reason=New file: server_credentials.txt pid=0 process=unknown rt=14:51:21.926
2026-07-17T14:51:22.032462 CEF:0|AntiGravity|Shield|3.0|FILE_MODIFIED|FILE_MODIFIED|1|filePath=/home/amiclone/Downloads/anti_forensics_project/harness_workspace/server_credentials.txt reason=Content changed pid=0 process=unknown rt=14:51:22.032
2026-07-17T14:51:22.108313 CEF:0|AntiGravity|Shield|3.0|FILE_CREATED|FILE_CREATED|5|filePath=/home/amiclone/Downloads/anti_forensics_project/harness_workspace/incident_log.txt reason=New file: incident_log.txt pid=0 process=unknown rt=14:51:22.108
2026-07-17T14:51:22.191137 CEF:0|AntiGravity|Shield|3.0|FILE_MODIFIED|FILE_MODIFIED|1|filePath=/home/amiclone/Downloads/anti_forensics_project/harness_workspace/incident_log.txt reason=Content changed pid=0 process=unknown rt=14:51:22.191
2026-07-17T14:51:22.271793 CEF:0|AntiGravity|Shield|3.0|FILE_MODIFIED|FILE_MODIFIED|1|filePath=/home/amiclone/Downloads/anti_forensics_project/harness_workspace/financial_report_Q4.xlsx reason=Content changed pid=0 process=unknown rt=14:51:22.271
2026-07-17T14:51:22.360831 CEF:0|AntiGravity|Shield|3.0|FILE_MODIFIED|FILE_MODIFIED|1|filePath=/home/amiclone/Downloads/anti_forensics_project/harness_workspace/employee_records.csv reason=Content changed pid=0 process=unknown rt=14:51:22.360
2026-07-17T14:51:22.439421 CEF:0|AntiGravity|Shield|3.0|FILE_MODIFIED|FILE_MODIFIED|1|filePath=/home/amiclone/Downloads/anti_forensics_project/harness_workspace/server_credentials.txt reason=Content changed pid=0 process=unknown rt=14:51:22.439
2026-07-17T14:51:22.526190 CEF:0|AntiGravity|Shield|3.0|FILE_MODIFIED|FILE_MODIFIED|1|filePath=/home/amiclone/Downloads/anti_forensics_project/harness_workspace/incident_log.txt reason=Content changed pid=0 process=unknown rt=14:51:22.526
2026-07-17T14:51:22.610397 CEF:0|AntiGravity|Shield|3.0|FILE_MODIFIED|FILE_MODIFIED|1|filePath=/home/amiclone/Downloads/anti_forensics_project/harness_workspace/financial_report_Q4.xlsx reason=Content changed pid=0 process=unknown rt=14:51:22.610
2026-07-17T14:51:22.718787 CEF:0|AntiGravity|Shield|3.0|FILE_MODIFIED|FILE_MODIFIED|1|filePath=/home/amiclone/Downloads/anti_forensics_project/harness_workspace/financial_report_Q4.xlsx reason=Content changed pid=0 process=unknown rt=14:51:22.718
2026-07-17T14:51:22.800509 CEF:0|AntiGravity|Shield|3.0|FILE_MODIFIED|FILE_MODIFIED|1|filePath=/home/amiclone/Downloads/anti_forensics_project/harness_workspace/financial_report_Q4.xlsx reason=Content changed pid=0 process=unknown rt=14:51:22.800
2026-07-17T14:51:22.887340 CEF:0|AntiGravity|Shield|3.0|FILE_MODIFIED|FILE_MODIFIED|1|filePath=/home/amiclone/Downloads/anti_forensics_project/harness_workspace/employee_records.csv reason=Content changed pid=0 process=unknown rt=14:51:22.887
2026-07-17T14:51:22.974727 CEF:0|AntiGravity|Shield|3.0|FILE_MODIFIED|FILE_MODIFIED|1|filePath=/home/amiclone/Downloads/anti_forensics_project/harness_workspace/employee_records.csv reason=Content changed pid=0 process=unknown rt=14:51:22.974
2026-07-17T14:51:23.057248 CEF:0|AntiGravity|Shield|3.0|FILE_MODIFIED|FILE_MODIFIED|1|filePath=/home/amiclone/Downloads/anti_forensics_project/harness_workspace/employee_records.csv reason=Content changed pid=0 process=unknown rt=14:51:23.057
2026-07-17T14:51:23.148439 CEF:0|AntiGravity|Shield|3.0|FILE_MODIFIED|FILE_MODIFIED|1|filePath=/home/amiclone/Downloads/anti_forensics_project/harness_workspace/server_credentials.txt reason=Content changed pid=0 process=unknown rt=14:51:23.148
2026-07-17T14:51:23.276813 CEF:0|AntiGravity|Shield|3.0|FILE_MODIFIED|FILE_MODIFIED|1|filePath=/home/amiclone/Downloads/anti_forensics_project/harness_workspace/server_credentials.txt reason=Content changed pid=0 process=unknown rt=14:51:23.276
2026-07-17T14:51:23.385543 CEF:0|AntiGravity|Shield|3.0|FILE_MODIFIED|FILE_MODIFIED|1|filePath=/home/amiclone/Downloads/anti_forensics_project/harness_workspace/server_credentials.txt reason=Content changed pid=0 process=unknown rt=14:51:23.385
2026-07-17T14:51:23.473752 CEF:0|AntiGravity|Shield|3.0|FILE_MODIFIED|FILE_MODIFIED|1|filePath=/home/amiclone/Downloads/anti_forensics_project/harness_workspace/incident_log.txt reason=Content changed pid=0 process=unknown rt=14:51:23.473
2026-07-17T14:51:23.576941 CEF:0|AntiGravity|Shield|3.0|FILE_MODIFIED|FILE_MODIFIED|1|filePath=/home/amiclone/Downloads/anti_forensics_project/harness_workspace/incident_log.txt reason=Content changed pid=0 process=unknown rt=14:51:23.576
