2026-07-17T14:51:24.181129 CEF:0|AntiGravity|Shield|3.0|FILE_CREATED|FILE_CREATED|5|filePath=/home/amiclone/Downloads/anti_forensics_project/harness_workspace/financial_report_Q4.xlsx reason=New file: financial_report_Q4.xlsx pid=0 process=unknown rt=14:51:24.180
2026-07-17T14:51:24.259987 CEF:0|AntiGravity|Shield|3.0|FILE_MODIFIED|FILE_MODIFIED|1|filePath=/home/amiclone/Downloads/anti_forensics_project/harness_workspace/financial_report_Q4.xlsx reason=Content changed pid=0 process=unknown rt=14:51:24.259
2026-07-17T14:51:24.341007 CEF:0|AntiGravity|Shield|3.0|FILE_CREATED|FILE_CREATED|5|filePath=/home/amiclone/Downloads/anti_forensics_project/harness_workspace/employee_records.csv reason=New file: employee_records.csv pid=0 process=unknown rt=14:51:24.340
2026-07-17T14:51:24.423103 CEF:0|AntiGravity|Shield|3.0|FILE_MODIFIED|FILE_MODIFIED|1|filePath=/home/amiclone/Downloads/anti_forensics_project/harness_workspace/employee_records.csv reason=Content changed pid=0 process=unknown rt=14:51:24.422
2026-07-17T14:51:24.507657 CEF:0|AntiGravity|Shield|3.0|FILE_CREATED|FILE_CREATED|5|filePath=/home/amiclone/Downloads/anti_forensics_project/harness_workspace/server_credentials.txt reason=New file: server_credentials.txt pid=0 process=unknown rt=14:51:24.507
2026-07-17T14:51:24.590079 CEF:0|AntiGravity|Shield|3.0|FILE_MODIFIED|FILE_MODIFIED|1|filePath=/home/amiclone/Downloads/anti_forensics_project/harness_workspace/server_credentials.txt reason=Content changed pid=0 process=unknown rt=14:51:24.589
2026-07-17T14:51:24.678395 CEF:0|AntiGravity|Shield|3.0|FILE_CREATED|FILE_CREATED|5|filePath=/home/amiclone/Downloads/anti_forensics_project/harness_workspace/incident_log.txt reason=New file: incident_log.txt pid=0 process=unknown rt=14:51:24.678
2026-07-17T14:51:24.771101 CEF:0|AntiGravity|Shield|3.0|FILE_MODIFIED|FILE_MODIFIED|1|filePath=/home/amiclone/Downloads/anti_forensics_project/harness_workspace/incident_log.txt reason=Content changed pid=0 process=unknown rt=14:51:24.770
2026-07-17T14:51:24.875529 CEF:0|AntiGravity|Shield|3.0|FILE_MODIFIED|FILE_MODIFIED|1|filePath=/home/amiclone/Downloads/anti_forensics_project/harness_workspace/financial_report_Q4.xlsx reason=Content changed pid=0 process=unknown rt=14:51:24.874
2026-07-17T14:51:25.034900 CEF:0|AntiGravity|Shield|3.0|FILE_MODIFIED|FILE_MODIFIED|1|filePath=/home/amiclone/Downloads/anti_forensics_project/harness_workspace/employee_records.csv reason=Content changed pid=0 process=unknown rt=14:51:25.034
2026-07-17T14:51:25.140895 CEF:0|AntiGravity|Shield|3.0|FILE_MODIFIED|FILE_MODIFIED|1|filePath=/home/amiclone/Downloads/anti_forensics_project/harness_workspace/server_credentials.txt reason=Content changed pid=0 process=unknown rt=14:51:25.140
2026-07-17T14:51:25.232455 CEF:0|AntiGravity|Shield|3.0|FILE_MODIFIED|FILE_MODIFIED|1|filePath=/home/amiclone/Downloads/anti_forensics_project/harness_workspace/incident_log.txt reason=Content changed pid=0 process=unknown rt=14:51:25.232
2026-07-17T14:51:25.320100 CEF:0|AntiGravity|Shield|3.0|FILE_MODIFIED|FILE_MODIFIED|1|filePath=/home/amiclone/Downloads/anti_forensics_project/harness_workspace/financial_report_Q4.xlsx reason=Content changed pid=0 process=unknown rt=14:51:25.319
2026-07-17T14:51:25.414648 CEF:0|AntiGravity|Shield|3.0|FILE_MODIFIED|FILE_MODIFIED|1|filePath=/home/amiclone/Downloads/anti_forensics_project/harness_workspace/financial_report_Q4.xlsx reason=Content changed pid=0 process=unknown rt=14:51:25.414
2026-07-17T14:51:25.515315 CEF:0|AntiGravity|Shield|3.0|FILE_MODIFIED|FILE_MODIFIED|1|filePath=/home/amiclone/Downloads/anti_forensics_project/harness_workspace/financial_report_Q4.xlsx reason=Content changed pid=0 process=unknown rt=14:51:25.515
2026-07-17T14:51:25.602705 CEF:0|AntiGravity|Shield|3.0|FILE_MODIFIED|FILE_MODIFIED|1|filePath=/home/amiclone/Downloads/anti_forensics_project/harness_workspace/employee_records.csv reason=Content changed pid=0 process=unknown rt=14:51:25.602
2026-07-17T14:51:25.698392 CEF:0|AntiGravity|Shield|3.0|FILE_MODIFIED|FILE_MODIFIED|1|filePath=/home/amiclone/Downloads/anti_forensics_project/harness_workspace/employee_records.csv reason=Content changed pid=0 process=unknown rt=14:51:25.698
2026-07-17T14:51:25.792909 CEF:0|AntiGravity|Shield|3.0|FILE_MODIFIED|FILE_MODIFIED|1|filePath=/home/amiclone/Downloads/anti_forensics_project/harness_workspace/employee_records.csv reason=Content changed pid=0 process=unknown rt=14:51:25.792
2026-07-17T14:51:25.910957 CEF:0|AntiGravity|Shield|3.0|FILE_MODIFIED|FILE_MODIFIED|1|filePath=/home/amiclone/Downloads/anti_forensics_project/harness_workspace/server_credentials.txt reason=Content changed pid=0 process=unknown rt=14:51:25.910
2026-07-17T14:51:26.018164 CEF:0|AntiGravity|Shield|3.0|FILE_MODIFIED|FILE_MODIFIED|1|filePath=/home/amiclone/Downloads/anti_forensics_project/harness_workspace/server_credentials.txt reason=Content changed pid=0 process=unknown rt=14:51:26.018
2026-07-17T14:51:26.113550 CEF:0|AntiGravity|Shield|3.0|FILE_MODIFIED|FILE_MODIFIED|1|filePath=/home/amiclone/Downloads/anti_forensics_project/harness_workspace/server_credentials.txt reason=Content changed pid=0 process=unknown rt=14:51:26.113
