2026-07-17T14:51:19.125178 CEF:0|AntiGravity|Shield|3.0|FILE_CREATED|FILE_CREATED|5|filePath=/home/amiclone/Downloads/anti_forensics_project/harness_workspace/financial_report_Q4.xlsx reason=New file: financial_report_Q4.xlsx pid=0 process=unknown rt=14:51:19.124
2026-07-17T14:51:19.213172 CEF:0|AntiGravity|Shield|3.0|FILE_MODIFIED|FILE_MODIFIED|1|filePath=/home/amiclone/Downloads/anti_forensics_project/harness_workspace/financial_report_Q4.xlsx reason=Content changed pid=0 process=unknown rt=14:51:19.213
2026-07-17T14:51:19.311178 CEF:0|AntiGravity|Shield|3.0|FILE_CREATED|FILE_CREATED|5|filePath=/home/amiclone/Downloads/anti_forensics_project/harness_workspace/employee_records.csv reason=New file: employee_records.csv pid=0 process=unknown rt=14:51:19.311
2026-07-17T14:51:19.383311 CEF:0|AntiGravity|Shield|3.0|FILE_MODIFIED|FILE_MODIFIED|1|filePath=/home/amiclone/Downloads/anti_forensics_project/harness_workspace/employee_records.csv reason=Content changed pid=0 process=unknown rt=14:51:19.383
2026-07-17T14:51:19.454311 CEF:0|AntiGravity|Shield|3.0|FILE_CREATED|FILE_CREATED|5|filePath=/home/amiclone/Downloads/anti_forensics_project/harness_workspace/server_credentials.txt reason=New file: server_credentials.txt pid=0 process=unknown rt=14:51:19.454
2026-07-17T14:51:19.516784 CEF:0|AntiGravity|Shield|3.0|FILE_MODIFIED|FILE_MODIFIED|1|filePath=/home/amiclone/Downloads/anti_forensics_project/harness_workspace/server_credentials.txt reason=Content changed pid=0 process=unknown rt=14:51:19.516
2026-07-17T14:51:19.587421 CEF:0|AntiGravity|Shield|3.0|FILE_CREATED|FILE_CREATED|5|filePath=/home/amiclone/Downloads/anti_forensics_project/harness_workspace/incident_log.txt reason=New file: incident_log.txt pid=0 process=unknown rt=14:51:19.587
2026-07-17T14:51:19.651641 CEF:0|AntiGravity|Shield|3.0|FILE_MODIFIED|FILE_MODIFIED|1|filePath=/home/amiclone/Downloads/anti_forensics_project/harness_workspace/incident_log.txt reason=Content changed pid=0 process=unknown rt=14:51:19.651
2026-07-17T14:51:19.716755 CEF:0|AntiGravity|Shield|3.0|FILE_MODIFIED|FILE_MODIFIED|1|filePath=/home/amiclone/Downloads/anti_forensics_project/harness_workspace/financial_report_Q4.xlsx reason=Content changed pid=0 process=unknown rt=14:51:19.716
2026-07-17T14:51:19.780509 CEF:0|AntiGravity|Shield|3.0|FILE_MODIFIED|FILE_MODIFIED|1|filePath=/home/amiclone/Downloads/anti_forensics_project/harness_workspace/employee_records.csv reason=Content changed pid=0 process=unknown rt=14:51:19.780
2026-07-17T14:51:19.849194 CEF:0|AntiGravity|Shield|3.0|FILE_MODIFIED|FILE_MODIFIED|1|filePath=/home/amiclone/Downloads/anti_forensics_project/harness_workspace/server_credentials.txt reason=Content changed pid=0 process=unknown rt=14:51:19.849
2026-07-17T14:51:19.915230 CEF:0|AntiGravity|Shield|3.0|FILE_MODIFIED|FILE_MODIFIED|1|filePath=/home/amiclone/Downloads/anti_forensics_project/harness_workspace/incident_log.txt reason=Content changed pid=0 process=unknown rt=14:51:19.915
2026-07-17T14:51:19.978243 CEF:0|AntiGravity|Shield|3.0|FILE_MODIFIED|FILE_MODIFIED|1|filePath=/home/amiclone/Downloads/anti_forensics_project/harness_workspace/financial_report_Q4.xlsx reason=Content changed pid=0 process=unknown rt=14:51:19.978
2026-07-17T14:51:20.046267 CEF:0|AntiGravity|Shield|3.0|FILE_MODIFIED|FILE_MODIFIED|1|filePath=/home/amiclone/Downloads/anti_forensics_project/harness_workspace/financial_report_Q4.xlsx reason=Content changed pid=0 process=unknown rt=14:51:20.046
2026-07-17T14:51:20.113557 CEF:0|AntiGravity|Shield|3.0|FILE_MODIFIED|FILE_MODIFIED|1|filePath=/home/amiclone/Downloads/anti_forensics_project/harness_workspace/financial_report_Q4.xlsx reason=Content changed pid=0 process=unknown rt=14:51:20.113
2026-07-17T14:51:20.178889 CEF:0|AntiGravity|Shield|3.0|FILE_MODIFIED|FILE_MODIFIED|1|filePath=/home/amiclone/Downloads/anti_forensics_project/harness_workspace/employee_records.csv reason=Content changed pid=0 process=unknown rt=14:51:20.178
2026-07-17T14:51:20.250666 CEF:0|AntiGravity|Shield|3.0|FILE_MODIFIED|FILE_MODIFIED|1|filePath=/home/amiclone/Downloads/anti_forensics_project/harness_workspace/employee_records.csv reason=Content changed pid=0 process=unknown rt=14:51:20.250
2026-07-17T14:51:20.318717 CEF:0|AntiGravity|Shield|3.0|FILE_MODIFIED|FILE_MODIFIED|1|filePath=/home/amiclone/Downloads/anti_forensics_project/harness_workspace/employee_records.csv reason=Content changed pid=0 process=unknown rt=14:51:20.318
2026-07-17T14:51:20.400647 CEF:0|AntiGravity|Shield|3.0|FILE_MODIFIED|FILE_MODIFIED|1|filePath=/home/amiclone/Downloads/anti_forensics_project/harness_workspace/server_credentials.txt reason=Content changed pid=0 process=unknown rt=14:51:20.400
2026-07-17T14:51:20.502153 CEF:0|AntiGravity|Shield|3.0|FILE_MODIFIED|FILE_MODIFIED|1|filePath=/home/amiclone/Downloads/anti_forensics_project/harness_workspace/server_credentials.txt reason=Content changed pid=0 process=unknown rt=14:51:20.500
2026-07-17T14:51:20.584743 CEF:0|AntiGravity|Shield|3.0|FILE_MODIFIED|FILE_MODIFIED|1|filePath=/home/amiclone/Downloads/anti_forensics_project/harness_workspace/server_credentials.txt reason=Content changed pid=0 process=unknown rt=14:51:20.584
2026-07-17T14:51:20.658032 CEF:0|AntiGravity|Shield|3.0|FILE_MODIFIED|FILE_MODIFIED|1|filePath=/home/amiclone/Downloads/anti_forensics_project/harness_workspace/incident_log.txt reason=Content changed pid=0 process=unknown rt=14:51:20.657
2026-07-17T14:51:20.718566 CEF:0|AntiGravity|Shield|3.0|FILE_MODIFIED|FILE_MODIFIED|1|filePath=/home/amiclone/Downloads/anti_forensics_project/harness_workspace/incident_log.txt reason=Content changed pid=0 process=unknown rt=14:51:20.718
2026-07-17T14:51:20.782721 CEF:0|AntiGravity|Shield|3.0|FILE_MODIFIED|FILE_MODIFIED|1|filePath=/home/amiclone/Downloads/anti_forensics_project/harness_workspace/incident_log.txt reason=Content changed pid=0 process=unknown rt=14:51:20.782
2026-07-17T14:51:20.843966 CEF:0|AntiGravity|Shield|3.0|WIPER_RENAME|WIPER_RENAME|10|filePath=/home/amiclone/Downloads/anti_forensics_project/harness_workspace/employee_records.csv reason=Renamed to random 'fIhfziPlalGYZOJvJWJu' — wiper pattern! pid=0 process=unknown rt=14:51:20.843
2026-07-17T14:51:20.910164 CEF:0|AntiGravity|Shield|3.0|WIPER_RENAME|WIPER_RENAME|10|filePath=/home/amiclone/Downloads/anti_forensics_project/harness_workspace/passwords_backup.txt reason=Renamed to random 'FQjTKnkepKFLhLglLANl' — wiper pattern! pid=0 process=unknown rt=14:51:20.910
2026-07-17T14:51:20.972603 CEF:0|AntiGravity|Shield|3.0|WIPER_RENAME|WIPER_RENAME|10|filePath=/home/amiclone/Downloads/anti_forensics_project/harness_workspace/financial_report_Q4.xlsx reason=Renamed to random 'OIAsucbupWJaFuyohUDV' — wiper pattern! pid=0 process=unknown rt=14:51:20.972
2026-07-17T14:51:21.039065 CEF:0|AntiGravity|Shield|3.0|WIPER_RENAME|WIPER_RENAME|10|filePath=/home/amiclone/Downloads/anti_forensics_project/harness_workspace/database_credentials.conf reason=Renamed to random 'oeZIkaDAcNJLrbAnSCmU' — wiper pattern! pid=0 process=unknown rt=14:51:21.038
