2026-07-17T14:51:26.709497 CEF:0|AntiGravity|Shield|3.0|FILE_CREATED|FILE_CREATED|5|filePath=/home/amiclone/Downloads/anti_forensics_project/harness_workspace/financial_report_Q4.xlsx reason=New file: financial_report_Q4.xlsx pid=0 process=unknown rt=14:51:26.709
2026-07-17T14:51:26.798839 CEF:0|AntiGravity|Shield|3.0|FILE_MODIFIED|FILE_MODIFIED|1|filePath=/home/amiclone/Downloads/anti_forensics_project/harness_workspace/financial_report_Q4.xlsx reason=Content changed pid=0 process=unknown rt=14:51:26.798
2026-07-17T14:51:26.982466 CEF:0|AntiGravity|Shield|3.0|FILE_CREATED|FILE_CREATED|5|filePath=/home/amiclone/Downloads/anti_forensics_project/harness_workspace/employee_records.csv reason=New file: employee_records.csv pid=0 process=unknown rt=14:51:26.982
2026-07-17T14:51:27.059894 CEF:0|AntiGravity|Shield|3.0|FILE_MODIFIED|FILE_MODIFIED|1|filePath=/home/amiclone/Downloads/anti_forensics_project/harness_workspace/employee_records.csv reason=Content changed pid=0 process=unknown rt=14:51:27.059
2026-07-17T14:51:27.145027 CEF:0|AntiGravity|Shield|3.0|FILE_CREATED|FILE_CREATED|5|filePath=/home/amiclone/Downloads/anti_forensics_project/harness_workspace/server_credentials.txt reason=New file: server_credentials.txt pid=0 process=unknown rt=14:51:27.144
2026-07-17T14:51:27.219095 CEF:0|AntiGravity|Shield|3.0|FILE_MODIFIED|FILE_MODIFIED|1|filePath=/home/amiclone/Downloads/anti_forensics_project/harness_workspace/server_credentials.txt reason=Content changed pid=0 process=unknown rt=14:51:27.218
2026-07-17T14:51:27.294159 CEF:0|AntiGravity|Shield|3.0|FILE_CREATED|FILE_CREATED|5|filePath=/home/amiclone/Downloads/anti_forensics_project/harness_workspace/incident_log.txt reason=New file: incident_log.txt pid=0 process=unknown rt=14:51:27.294
2026-07-17T14:51:27.371332 CEF:0|AntiGravity|Shield|3.0|FILE_MODIFIED|FILE_MODIFIED|1|filePath=/home/amiclone/Downloads/anti_forensics_project/harness_workspace/incident_log.txt reason=Content changed pid=0 process=unknown rt=14:51:27.371
2026-07-17T14:51:27.443765 CEF:0|AntiGravity|Shield|3.0|FILE_MODIFIED|FILE_MODIFIED|1|filePath=/home/amiclone/Downloads/anti_forensics_project/harness_workspace/financial_report_Q4.xlsx reason=Content changed pid=0 process=unknown rt=14:51:27.443
2026-07-17T14:51:27.518041 CEF:0|AntiGravity|Shield|3.0|FILE_MODIFIED|FILE_MODIFIED|1|filePath=/home/amiclone/Downloads/anti_forensics_project/harness_workspace/employee_records.csv reason=Content changed pid=0 process=unknown rt=14:51:27.517
2026-07-17T14:51:27.589928 CEF:0|AntiGravity|Shield|3.0|FILE_MODIFIED|FILE_MODIFIED|1|filePath=/home/amiclone/Downloads/anti_forensics_project/harness_workspace/server_credentials.txt reason=Content changed pid=0 process=unknown rt=14:51:27.589
2026-07-17T14:51:27.687633 CEF:0|AntiGravity|Shield|3.0|FILE_MODIFIED|FILE_MODIFIED|1|filePath=/home/amiclone/Downloads/anti_forensics_project/harness_workspace/incident_log.txt reason=Content changed pid=0 process=unknown rt=14:51:27.687
2026-07-17T14:51:27.809786 CEF:0|AntiGravity|Shield|3.0|FILE_MODIFIED|FILE_MODIFIED|1|filePath=/home/amiclone/Downloads/anti_forensics_project/harness_workspace/financial_report_Q4.xlsx reason=Content changed pid=0 process=unknown rt=14:51:27.809
2026-07-17T14:51:27.905143 CEF:0|AntiGravity|Shield|3.0|FILE_MODIFIED|FILE_MODIFIED|1|filePath=/home/amiclone/Downloads/anti_forensics_project/harness_workspace/financial_report_Q4.xlsx reason=Content changed pid=0 process=unknown rt=14:51:27.905
2026-07-17T14:51:27.996780 CEF:0|AntiGravity|Shield|3.0|FILE_MODIFIED|FILE_MODIFIED|1|filePath=/home/amiclone/Downloads/anti_forensics_project/harness_workspace/financial_report_Q4.xlsx reason=Content changed pid=0 process=unknown rt=14:51:27.996
2026-07-17T14:51:28.110647 CEF:0|AntiGravity|Shield|3.0|FILE_MODIFIED|FILE_MODIFIED|1|filePath=/home/amiclone/Downloads/anti_forensics_project/harness_workspace/employee_records.csv reason=Content changed pid=0 process=unknown rt=14:51:28.110
2026-07-17T14:51:28.202997 CEF:0|AntiGravity|Shield|3.0|FILE_MODIFIED|FILE_MODIFIED|1|filePath=/home/amiclone/Downloads/anti_forensics_project/harness_workspace/employee_records.csv reason=Content changed pid=0 process=unknown rt=14:51:28.202
2026-07-17T14:51:28.291856 CEF:0|AntiGravity|Shield|3.0|FILE_MODIFIED|FILE_MODIFIED|1|filePath=/home/amiclone/Downloads/anti_forensics_project/harness_workspace/employee_records.csv reason=Content changed pid=0 process=unknown rt=14:51:28.291
2026-07-17T14:51:28.389445 CEF:0|AntiGravity|Shield|3.0|FILE_MODIFIED|FILE_MODIFIED|1|filePath=/home/amiclone/Downloads/anti_forensics_project/harness_workspace/server_credentials.txt reason=Content changed pid=0 process=unknown rt=14:51:28.389
2026-07-17T14:51:28.477807 CEF:0|AntiGravity|Shield|3.0|FILE_MODIFIED|FILE_MODIFIED|1|filePath=/home/amiclone/Downloads/anti_forensics_project/harness_workspace/server_credentials.txt reason=Content changed pid=0 process=unknown rt=14:51:28.477
2026-07-17T14:51:28.576415 CEF:0|AntiGravity|Shield|3.0|FILE_MODIFIED|FILE_MODIFIED|1|filePath=/home/amiclone/Downloads/anti_forensics_project/harness_workspace/server_credentials.txt reason=Content changed pid=0 process=unknown rt=14:51:28.576
2026-07-17T14:51:28.668904 CEF:0|AntiGravity|Shield|3.0|FILE_MODIFIED|FILE_MODIFIED|1|filePath=/home/amiclone/Downloads/anti_forensics_project/harness_workspace/incident_log.txt reason=Content changed pid=0 process=unknown rt=14:51:28.668
2026-07-17T14:51:28.770231 CEF:0|AntiGravity|Shield|3.0|FILE_MODIFIED|FILE_MODIFIED|1|filePath=/home/amiclone/Downloads/anti_forensics_project/harness_workspace/incident_log.txt reason=Content changed pid=0 process=unknown rt=14:51:28.770
2026-07-17T14:51:28.859754 CEF:0|AntiGravity|Shield|3.0|FILE_MODIFIED|FILE_MODIFIED|1|filePath=/home/amiclone/Downloads/anti_forensics_project/harness_workspace/incident_log.txt reason=Content changed pid=0 process=unknown rt=14:51:28.859
2026-07-17T14:51:28.951009 CEF:0|AntiGravity|Shield|3.0|WIPER_RENAME|WIPER_RENAME|10|filePath=/home/amiclone/Downloads/anti_forensics_project/harness_workspace/server_credentials.txt reason=Renamed to random 'hRPdMDclaMQmbOuJHUXw' — wiper pattern! pid=0 process=unknown rt=14:51:28.950
2026-07-17T14:51:29.053586 CEF:0|AntiGravity|Shield|3.0|WIPER_RENAME|WIPER_RENAME|10|filePath=/home/amiclone/Downloads/anti_forensics_project/harness_workspace/incident_log.txt reason=Renamed to random 'hVUYAWsopcnzBdpstXfr' — wiper pattern! pid=0 process=unknown rt=14:51:29.053
2026-07-17T14:51:29.153326 CEF:0|AntiGravity|Shield|3.0|WIPER_RENAME|WIPER_RENAME|10|filePath=/home/amiclone/Downloads/anti_forensics_project/harness_workspace/passwords_backup.txt reason=Renamed to random 'VeygMmNyDevpFkmUbFTt' — wiper pattern! pid=0 process=unknown rt=14:51:29.153
